<?xml version="1.0" encoding="UTF-8"?>
<!-- Generated by org.testng.reporters.JUnitReportReporter -->
<testsuite skipped="0" hostname="DESKTOP-RQITN7E" name="com.crm.cucumberOptions.TestRunner" tests="3" failures="0" timestamp="2020-04-17T13:07:49 IST" time="131.289" errors="0">
  <testcase name="feature" time="33.456" classname="com.crm.cucumberOptions.TestRunner"/>
  <system-out/>
  <testcase name="feature" time="45.025" classname="com.crm.cucumberOptions.TestRunner"/>
  <system-out/>
  <testcase name="feature" time="52.808" classname="com.crm.cucumberOptions.TestRunner"/>
  <system-out/>
</testsuite> <!-- com.crm.cucumberOptions.TestRunner -->
