<?xml version="1.0" encoding="UTF-8"?>
<!-- Generated by org.testng.reporters.JUnitReportReporter -->
<testsuite skipped="0" hostname="DESKTOP-RQITN7E" name="com.crm.ui.CRMAppAutomationTest" tests="3" failures="0" timestamp="2020-04-14T13:58:22 IST" time="20.903" errors="0">
  <testcase name="addCRMCustomer" time="12.059" classname="com.crm.ui.CRMAppAutomationTest"/>
  <system-out/>
  <testcase name="deleteCRMCustomer" time="2.468" classname="com.crm.ui.CRMAppAutomationTest"/>
  <system-out/>
  <testcase name="updateCRMCustomer" time="6.376" classname="com.crm.ui.CRMAppAutomationTest"/>
  <system-out/>
</testsuite> <!-- com.crm.ui.CRMAppAutomationTest -->
