<?xml version="1.0" encoding="UTF-8"?>
<!-- Generated by org.testng.reporters.JUnitReportReporter -->
<testsuite skipped="0" hostname="DESKTOP-RQITN7E" name="com.crm.api.APIRequestTest" tests="5" failures="0" timestamp="2020-04-14T13:58:22 IST" time="4.700" errors="0">
  <testcase name="testDemo" time="0.014" classname="com.crm.api.APIRequestTest"/>
  <system-out/>
  <testcase name="test_DELETERequest" time="3.809" classname="com.crm.api.APIRequestTest"/>
  <system-out/>
  <testcase name="test_GETRequest" time="0.146" classname="com.crm.api.APIRequestTest"/>
  <system-out/>
  <testcase name="test_POSTRequest" time="0.356" classname="com.crm.api.APIRequestTest"/>
  <system-out/>
  <testcase name="test_PUTRequest" time="0.375" classname="com.crm.api.APIRequestTest"/>
  <system-out/>
</testsuite> <!-- com.crm.api.APIRequestTest -->
