<?xml version="1.0" encoding="UTF-8"?>
<!-- Generated by org.testng.reporters.JUnitReportReporter -->
<testsuite skipped="0" hostname="DESKTOP-RQITN7E" name="com.crm.cucumberOptions.TestRunner" tests="1" failures="0" timestamp="2020-04-14T13:56:58 IST" time="0.013" errors="0">
  <testcase name="feature" time="0.013" classname="com.crm.cucumberOptions.TestRunner"/>
  <system-out/>
</testsuite> <!-- com.crm.cucumberOptions.TestRunner -->
