<?xml version="1.0" encoding="UTF-8"?>
<!-- Generated by org.testng.reporters.JUnitReportReporter -->
<testsuite skipped="0" hostname="Vikrams-MacBook-Air.local" name="com.crm.ui.CRMAppAutomationTest" tests="3" failures="0" timestamp="2020-04-16T02:02:13 IST" time="14.560" errors="0">
  <testcase name="updateCRMCustomer" time="6.058" classname="com.crm.ui.CRMAppAutomationTest"/>
  <system-out/>
  <testcase name="addCRMCustomer" time="6.190" classname="com.crm.ui.CRMAppAutomationTest"/>
  <system-out/>
  <testcase name="deleteCRMCustomer" time="2.312" classname="com.crm.ui.CRMAppAutomationTest"/>
  <system-out/>
</testsuite> <!-- com.crm.ui.CRMAppAutomationTest -->
